<?xml version="1.0" encoding="UTF-8"?>
<testsuite xmlns:xsi="http://www.w3.org/2001/XMLSchema-instance" xsi:noNamespaceSchemaLocation="https://maven.apache.org/surefire/maven-surefire-plugin/xsd/surefire-test-report-3.0.xsd" version="3.0" name="The user should be able to edit profile" time="0.24" tests="1" errors="1" skipped="0" failures="0">
  <properties>
    <property name="java.specification.version" value="18"/>
    <property name="sun.jnu.encoding" value="UTF-8"/>
    <property name="java.class.path" value="/Users/aycanaras/IdeaProjects/B5CucumberSelenium/target/test-classes:/Users/aycanaras/IdeaProjects/B5CucumberSelenium/target/classes:/Users/aycanaras/.m2/repository/org/seleniumhq/selenium/selenium-java/3.141.59/selenium-java-3.141.59.jar:/Users/aycanaras/.m2/repository/org/seleniumhq/selenium/selenium-api/3.141.59/selenium-api-3.141.59.jar:/Users/aycanaras/.m2/repository/org/seleniumhq/selenium/selenium-chrome-driver/3.141.59/selenium-chrome-driver-3.141.59.jar:/Users/aycanaras/.m2/repository/org/seleniumhq/selenium/selenium-edge-driver/3.141.59/selenium-edge-driver-3.141.59.jar:/Users/aycanaras/.m2/repository/org/seleniumhq/selenium/selenium-firefox-driver/3.141.59/selenium-firefox-driver-3.141.59.jar:/Users/aycanaras/.m2/repository/org/seleniumhq/selenium/selenium-ie-driver/3.141.59/selenium-ie-driver-3.141.59.jar:/Users/aycanaras/.m2/repository/org/seleniumhq/selenium/selenium-opera-driver/3.141.59/selenium-opera-driver-3.141.59.jar:/Users/aycanaras/.m2/repository/org/seleniumhq/selenium/selenium-remote-driver/3.141.59/selenium-remote-driver-3.141.59.jar:/Users/aycanaras/.m2/repository/org/seleniumhq/selenium/selenium-safari-driver/3.141.59/selenium-safari-driver-3.141.59.jar:/Users/aycanaras/.m2/repository/org/seleniumhq/selenium/selenium-support/3.141.59/selenium-support-3.141.59.jar:/Users/aycanaras/.m2/repository/net/bytebuddy/byte-buddy/1.8.15/byte-buddy-1.8.15.jar:/Users/aycanaras/.m2/repository/org/apache/commons/commons-exec/1.3/commons-exec-1.3.jar:/Users/aycanaras/.m2/repository/com/google/guava/guava/25.0-jre/guava-25.0-jre.jar:/Users/aycanaras/.m2/repository/com/google/code/findbugs/jsr305/1.3.9/jsr305-1.3.9.jar:/Users/aycanaras/.m2/repository/org/checkerframework/checker-compat-qual/2.0.0/checker-compat-qual-2.0.0.jar:/Users/aycanaras/.m2/repository/com/google/errorprone/error_prone_annotations/2.1.3/error_prone_annotations-2.1.3.jar:/Users/aycanaras/.m2/repository/com/google/j2objc/j2objc-annotations/1.1/j2objc-annotations-1.1.jar:/Users/aycanaras/.m2/repository/org/codehaus/mojo/animal-sniffer-annotations/1.14/animal-sniffer-annotations-1.14.jar:/Users/aycanaras/.m2/repository/com/squareup/okhttp3/okhttp/3.11.0/okhttp-3.11.0.jar:/Users/aycanaras/.m2/repository/com/squareup/okio/okio/1.14.0/okio-1.14.0.jar:/Users/aycanaras/.m2/repository/io/github/bonigarcia/webdrivermanager/5.3.0/webdrivermanager-5.3.0.jar:/Users/aycanaras/.m2/repository/org/slf4j/slf4j-api/1.7.36/slf4j-api-1.7.36.jar:/Users/aycanaras/.m2/repository/com/google/code/gson/gson/2.9.1/gson-2.9.1.jar:/Users/aycanaras/.m2/repository/com/github/docker-java/docker-java/3.2.13/docker-java-3.2.13.jar:/Users/aycanaras/.m2/repository/com/github/docker-java/docker-java-core/3.2.13/docker-java-core-3.2.13.jar:/Users/aycanaras/.m2/repository/com/github/docker-java/docker-java-api/3.2.13/docker-java-api-3.2.13.jar:/Users/aycanaras/.m2/repository/com/fasterxml/jackson/core/jackson-annotations/2.10.3/jackson-annotations-2.10.3.jar:/Users/aycanaras/.m2/repository/commons-io/commons-io/2.6/commons-io-2.6.jar:/Users/aycanaras/.m2/repository/org/apache/commons/commons-compress/1.21/commons-compress-1.21.jar:/Users/aycanaras/.m2/repository/com/fasterxml/jackson/core/jackson-databind/2.10.3/jackson-databind-2.10.3.jar:/Users/aycanaras/.m2/repository/com/fasterxml/jackson/core/jackson-core/2.10.3/jackson-core-2.10.3.jar:/Users/aycanaras/.m2/repository/org/bouncycastle/bcpkix-jdk15on/1.64/bcpkix-jdk15on-1.64.jar:/Users/aycanaras/.m2/repository/org/bouncycastle/bcprov-jdk15on/1.64/bcprov-jdk15on-1.64.jar:/Users/aycanaras/.m2/repository/org/slf4j/jcl-over-slf4j/1.7.30/jcl-over-slf4j-1.7.30.jar:/Users/aycanaras/.m2/repository/com/github/docker-java/docker-java-transport-httpclient5/3.2.13/docker-java-transport-httpclient5-3.2.13.jar:/Users/aycanaras/.m2/repository/com/github/docker-java/docker-java-transport/3.2.13/docker-java-transport-3.2.13.jar:/Users/aycanaras/.m2/repository/net/java/dev/jna/jna/5.8.0/jna-5.8.0.jar:/Users/aycanaras/.m2/repository/org/brotli/dec/0.1.2/dec-0.1.2.jar:/Users/aycanaras/.m2/repository/org/apache/commons/commons-lang3/3.12.0/commons-lang3-3.12.0.jar:/Users/aycanaras/.m2/repository/org/apache/httpcomponents/client5/httpclient5/5.1.3/httpclient5-5.1.3.jar:/Users/aycanaras/.m2/repository/org/apache/httpcomponents/core5/httpcore5/5.1.3/httpcore5-5.1.3.jar:/Users/aycanaras/.m2/repository/org/apache/httpcomponents/core5/httpcore5-h2/5.1.3/httpcore5-h2-5.1.3.jar:/Users/aycanaras/.m2/repository/commons-codec/commons-codec/1.15/commons-codec-1.15.jar:/Users/aycanaras/.m2/repository/io/cucumber/cucumber-java/7.4.0/cucumber-java-7.4.0.jar:/Users/aycanaras/.m2/repository/io/cucumber/cucumber-core/7.4.0/cucumber-core-7.4.0.jar:/Users/aycanaras/.m2/repository/io/cucumber/cucumber-gherkin/7.4.0/cucumber-gherkin-7.4.0.jar:/Users/aycanaras/.m2/repository/io/cucumber/cucumber-gherkin-messages/7.4.0/cucumber-gherkin-messages-7.4.0.jar:/Users/aycanaras/.m2/repository/io/cucumber/gherkin/23.0.1/gherkin-23.0.1.jar:/Users/aycanaras/.m2/repository/io/cucumber/messages/18.0.0/messages-18.0.0.jar:/Users/aycanaras/.m2/repository/io/cucumber/tag-expressions/4.1.0/tag-expressions-4.1.0.jar:/Users/aycanaras/.m2/repository/io/cucumber/cucumber-expressions/16.0.0/cucumber-expressions-16.0.0.jar:/Users/aycanaras/.m2/repository/io/cucumber/datatable/7.4.0/datatable-7.4.0.jar:/Users/aycanaras/.m2/repository/io/cucumber/cucumber-plugin/7.4.0/cucumber-plugin-7.4.0.jar:/Users/aycanaras/.m2/repository/io/cucumber/docstring/7.4.0/docstring-7.4.0.jar:/Users/aycanaras/.m2/repository/io/cucumber/html-formatter/19.2.0/html-formatter-19.2.0.jar:/Users/aycanaras/.m2/repository/io/cucumber/ci-environment/9.0.4/ci-environment-9.0.4.jar:/Users/aycanaras/.m2/repository/org/apiguardian/apiguardian-api/1.1.2/apiguardian-api-1.1.2.jar:/Users/aycanaras/.m2/repository/io/cucumber/cucumber-junit/7.4.0/cucumber-junit-7.4.0.jar:/Users/aycanaras/.m2/repository/junit/junit/4.13.2/junit-4.13.2.jar:/Users/aycanaras/.m2/repository/org/hamcrest/hamcrest-core/1.3/hamcrest-core-1.3.jar:"/>
    <property name="java.vm.vendor" value="Oracle Corporation"/>
    <property name="sun.arch.data.model" value="64"/>
    <property name="java.vendor.url" value="https://java.oracle.com/"/>
    <property name="user.timezone" value="Europe/Berlin"/>
    <property name="os.name" value="Mac OS X"/>
    <property name="java.vm.specification.version" value="18"/>
    <property name="sun.java.launcher" value="SUN_STANDARD"/>
    <property name="user.country" value="DE"/>
    <property name="sun.boot.library.path" value="/Library/Java/JavaVirtualMachines/jdk-18.0.1.1.jdk/Contents/Home/lib"/>
    <property name="sun.java.command" value="/Users/aycanaras/IdeaProjects/B5CucumberSelenium/target/surefire/surefirebooter11327348097959352875.jar /Users/aycanaras/IdeaProjects/B5CucumberSelenium/target/surefire 2022-12-19T18-44-24_897-jvmRun1 surefire652019416889856558tmp surefire_011204344876426028419tmp"/>
    <property name="http.nonProxyHosts" value="local|*.local|169.254/16|*.169.254/16"/>
    <property name="jdk.debug" value="release"/>
    <property name="surefire.test.class.path" value="/Users/aycanaras/IdeaProjects/B5CucumberSelenium/target/test-classes:/Users/aycanaras/IdeaProjects/B5CucumberSelenium/target/classes:/Users/aycanaras/.m2/repository/org/seleniumhq/selenium/selenium-java/3.141.59/selenium-java-3.141.59.jar:/Users/aycanaras/.m2/repository/org/seleniumhq/selenium/selenium-api/3.141.59/selenium-api-3.141.59.jar:/Users/aycanaras/.m2/repository/org/seleniumhq/selenium/selenium-chrome-driver/3.141.59/selenium-chrome-driver-3.141.59.jar:/Users/aycanaras/.m2/repository/org/seleniumhq/selenium/selenium-edge-driver/3.141.59/selenium-edge-driver-3.141.59.jar:/Users/aycanaras/.m2/repository/org/seleniumhq/selenium/selenium-firefox-driver/3.141.59/selenium-firefox-driver-3.141.59.jar:/Users/aycanaras/.m2/repository/org/seleniumhq/selenium/selenium-ie-driver/3.141.59/selenium-ie-driver-3.141.59.jar:/Users/aycanaras/.m2/repository/org/seleniumhq/selenium/selenium-opera-driver/3.141.59/selenium-opera-driver-3.141.59.jar:/Users/aycanaras/.m2/repository/org/seleniumhq/selenium/selenium-remote-driver/3.141.59/selenium-remote-driver-3.141.59.jar:/Users/aycanaras/.m2/repository/org/seleniumhq/selenium/selenium-safari-driver/3.141.59/selenium-safari-driver-3.141.59.jar:/Users/aycanaras/.m2/repository/org/seleniumhq/selenium/selenium-support/3.141.59/selenium-support-3.141.59.jar:/Users/aycanaras/.m2/repository/net/bytebuddy/byte-buddy/1.8.15/byte-buddy-1.8.15.jar:/Users/aycanaras/.m2/repository/org/apache/commons/commons-exec/1.3/commons-exec-1.3.jar:/Users/aycanaras/.m2/repository/com/google/guava/guava/25.0-jre/guava-25.0-jre.jar:/Users/aycanaras/.m2/repository/com/google/code/findbugs/jsr305/1.3.9/jsr305-1.3.9.jar:/Users/aycanaras/.m2/repository/org/checkerframework/checker-compat-qual/2.0.0/checker-compat-qual-2.0.0.jar:/Users/aycanaras/.m2/repository/com/google/errorprone/error_prone_annotations/2.1.3/error_prone_annotations-2.1.3.jar:/Users/aycanaras/.m2/repository/com/google/j2objc/j2objc-annotations/1.1/j2objc-annotations-1.1.jar:/Users/aycanaras/.m2/repository/org/codehaus/mojo/animal-sniffer-annotations/1.14/animal-sniffer-annotations-1.14.jar:/Users/aycanaras/.m2/repository/com/squareup/okhttp3/okhttp/3.11.0/okhttp-3.11.0.jar:/Users/aycanaras/.m2/repository/com/squareup/okio/okio/1.14.0/okio-1.14.0.jar:/Users/aycanaras/.m2/repository/io/github/bonigarcia/webdrivermanager/5.3.0/webdrivermanager-5.3.0.jar:/Users/aycanaras/.m2/repository/org/slf4j/slf4j-api/1.7.36/slf4j-api-1.7.36.jar:/Users/aycanaras/.m2/repository/com/google/code/gson/gson/2.9.1/gson-2.9.1.jar:/Users/aycanaras/.m2/repository/com/github/docker-java/docker-java/3.2.13/docker-java-3.2.13.jar:/Users/aycanaras/.m2/repository/com/github/docker-java/docker-java-core/3.2.13/docker-java-core-3.2.13.jar:/Users/aycanaras/.m2/repository/com/github/docker-java/docker-java-api/3.2.13/docker-java-api-3.2.13.jar:/Users/aycanaras/.m2/repository/com/fasterxml/jackson/core/jackson-annotations/2.10.3/jackson-annotations-2.10.3.jar:/Users/aycanaras/.m2/repository/commons-io/commons-io/2.6/commons-io-2.6.jar:/Users/aycanaras/.m2/repository/org/apache/commons/commons-compress/1.21/commons-compress-1.21.jar:/Users/aycanaras/.m2/repository/com/fasterxml/jackson/core/jackson-databind/2.10.3/jackson-databind-2.10.3.jar:/Users/aycanaras/.m2/repository/com/fasterxml/jackson/core/jackson-core/2.10.3/jackson-core-2.10.3.jar:/Users/aycanaras/.m2/repository/org/bouncycastle/bcpkix-jdk15on/1.64/bcpkix-jdk15on-1.64.jar:/Users/aycanaras/.m2/repository/org/bouncycastle/bcprov-jdk15on/1.64/bcprov-jdk15on-1.64.jar:/Users/aycanaras/.m2/repository/org/slf4j/jcl-over-slf4j/1.7.30/jcl-over-slf4j-1.7.30.jar:/Users/aycanaras/.m2/repository/com/github/docker-java/docker-java-transport-httpclient5/3.2.13/docker-java-transport-httpclient5-3.2.13.jar:/Users/aycanaras/.m2/repository/com/github/docker-java/docker-java-transport/3.2.13/docker-java-transport-3.2.13.jar:/Users/aycanaras/.m2/repository/net/java/dev/jna/jna/5.8.0/jna-5.8.0.jar:/Users/aycanaras/.m2/repository/org/brotli/dec/0.1.2/dec-0.1.2.jar:/Users/aycanaras/.m2/repository/org/apache/commons/commons-lang3/3.12.0/commons-lang3-3.12.0.jar:/Users/aycanaras/.m2/repository/org/apache/httpcomponents/client5/httpclient5/5.1.3/httpclient5-5.1.3.jar:/Users/aycanaras/.m2/repository/org/apache/httpcomponents/core5/httpcore5/5.1.3/httpcore5-5.1.3.jar:/Users/aycanaras/.m2/repository/org/apache/httpcomponents/core5/httpcore5-h2/5.1.3/httpcore5-h2-5.1.3.jar:/Users/aycanaras/.m2/repository/commons-codec/commons-codec/1.15/commons-codec-1.15.jar:/Users/aycanaras/.m2/repository/io/cucumber/cucumber-java/7.4.0/cucumber-java-7.4.0.jar:/Users/aycanaras/.m2/repository/io/cucumber/cucumber-core/7.4.0/cucumber-core-7.4.0.jar:/Users/aycanaras/.m2/repository/io/cucumber/cucumber-gherkin/7.4.0/cucumber-gherkin-7.4.0.jar:/Users/aycanaras/.m2/repository/io/cucumber/cucumber-gherkin-messages/7.4.0/cucumber-gherkin-messages-7.4.0.jar:/Users/aycanaras/.m2/repository/io/cucumber/gherkin/23.0.1/gherkin-23.0.1.jar:/Users/aycanaras/.m2/repository/io/cucumber/messages/18.0.0/messages-18.0.0.jar:/Users/aycanaras/.m2/repository/io/cucumber/tag-expressions/4.1.0/tag-expressions-4.1.0.jar:/Users/aycanaras/.m2/repository/io/cucumber/cucumber-expressions/16.0.0/cucumber-expressions-16.0.0.jar:/Users/aycanaras/.m2/repository/io/cucumber/datatable/7.4.0/datatable-7.4.0.jar:/Users/aycanaras/.m2/repository/io/cucumber/cucumber-plugin/7.4.0/cucumber-plugin-7.4.0.jar:/Users/aycanaras/.m2/repository/io/cucumber/docstring/7.4.0/docstring-7.4.0.jar:/Users/aycanaras/.m2/repository/io/cucumber/html-formatter/19.2.0/html-formatter-19.2.0.jar:/Users/aycanaras/.m2/repository/io/cucumber/ci-environment/9.0.4/ci-environment-9.0.4.jar:/Users/aycanaras/.m2/repository/org/apiguardian/apiguardian-api/1.1.2/apiguardian-api-1.1.2.jar:/Users/aycanaras/.m2/repository/io/cucumber/cucumber-junit/7.4.0/cucumber-junit-7.4.0.jar:/Users/aycanaras/.m2/repository/junit/junit/4.13.2/junit-4.13.2.jar:/Users/aycanaras/.m2/repository/org/hamcrest/hamcrest-core/1.3/hamcrest-core-1.3.jar:"/>
    <property name="sun.cpu.endian" value="little"/>
    <property name="user.home" value="/Users/aycanaras"/>
    <property name="user.language" value="tr"/>
    <property name="java.specification.vendor" value="Oracle Corporation"/>
    <property name="java.version.date" value="2022-04-22"/>
    <property name="java.home" value="/Library/Java/JavaVirtualMachines/jdk-18.0.1.1.jdk/Contents/Home"/>
    <property name="file.separator" value="/"/>
    <property name="basedir" value="/Users/aycanaras/IdeaProjects/B5CucumberSelenium"/>
    <property name="java.vm.compressedOopsMode" value="Zero based"/>
    <property name="line.separator" value="&#10;"/>
    <property name="java.vm.specification.vendor" value="Oracle Corporation"/>
    <property name="java.specification.name" value="Java Platform API Specification"/>
    <property name="apple.awt.application.name" value="ForkedBooter"/>
    <property name="surefire.real.class.path" value="/Users/aycanaras/IdeaProjects/B5CucumberSelenium/target/surefire/surefirebooter11327348097959352875.jar"/>
    <property name="sun.management.compiler" value="HotSpot 64-Bit Tiered Compilers"/>
    <property name="ftp.nonProxyHosts" value="local|*.local|169.254/16|*.169.254/16"/>
    <property name="java.runtime.version" value="18.0.1.1+2-6"/>
    <property name="user.name" value="aycanaras"/>
    <property name="path.separator" value=":"/>
    <property name="os.version" value="12.6"/>
    <property name="java.runtime.name" value="Java(TM) SE Runtime Environment"/>
    <property name="file.encoding" value="UTF-8"/>
    <property name="java.vm.name" value="Java HotSpot(TM) 64-Bit Server VM"/>
    <property name="localRepository" value="/Users/aycanaras/.m2/repository"/>
    <property name="java.vendor.url.bug" value="https://bugreport.java.com/bugreport/"/>
    <property name="java.io.tmpdir" value="/var/folders/3_/nky9ncvn72d561vwwyb54gz00000gn/T/"/>
    <property name="idea.version" value="2022.1.2"/>
    <property name="java.version" value="18.0.1.1"/>
    <property name="user.dir" value="/Users/aycanaras/IdeaProjects/B5CucumberSelenium"/>
    <property name="os.arch" value="x86_64"/>
    <property name="java.vm.specification.name" value="Java Virtual Machine Specification"/>
    <property name="native.encoding" value="UTF-8"/>
    <property name="java.library.path" value="/Users/aycanaras/Library/Java/Extensions:/Library/Java/Extensions:/Network/Library/Java/Extensions:/System/Library/Java/Extensions:/usr/lib/java:."/>
    <property name="java.vm.info" value="mixed mode, sharing"/>
    <property name="java.vendor" value="Oracle Corporation"/>
    <property name="java.vm.version" value="18.0.1.1+2-6"/>
    <property name="sun.io.unicode.encoding" value="UnicodeBig"/>
    <property name="socksNonProxyHosts" value="local|*.local|169.254/16|*.169.254/16"/>
    <property name="java.class.version" value="62.0"/>
  </properties>
  <testcase name="Edit Profil" classname="The user should be able to edit profile" time="0.24">
    <error message="The step &apos;The user is on the login page&apos; and 11 other step(s) are undefined.&#10;You can implement these steps using the snippet(s) below:&#10;&#10;@Given(&quot;The user is on the login page&quot;)&#10;public void the_user_is_on_the_login_page() {&#10;    // Write code here that turns the phrase above into concrete actions&#10;    throw new io.cucumber.java.PendingException();&#10;}&#10;@When(&quot;The user logs in using {string} and {string}&quot;)&#10;public void the_user_logs_in_using_and(String string, String string2) {&#10;    // Write code here that turns the phrase above into concrete actions&#10;    throw new io.cucumber.java.PendingException();&#10;}&#10;@When(&quot;The user navigates to {string}&quot;)&#10;public void the_user_navigates_to(String string) {&#10;    // Write code here that turns the phrase above into concrete actions&#10;    throw new io.cucumber.java.PendingException();&#10;}&#10;@When(&quot;The user select status {string}&quot;)&#10;public void the_user_select_status(String string) {&#10;    // Write code here that turns the phrase above into concrete actions&#10;    throw new io.cucumber.java.PendingException();&#10;}&#10;@When(&quot;The user slides the slider&quot;)&#10;public void the_user_slides_the_slider() {&#10;    // Write code here that turns the phrase above into concrete actions&#10;    throw new io.cucumber.java.PendingException();&#10;}&#10;@When(&quot;The user add {string} {string}&quot;)&#10;public void the_user_add(String string, String string2) {&#10;    // Write code here that turns the phrase above into concrete actions&#10;    throw new io.cucumber.java.PendingException();&#10;}&#10;@When(&quot;The user click on the submit button&quot;)&#10;public void the_user_click_on_the_submit_button() {&#10;    // Write code here that turns the phrase above into concrete actions&#10;    throw new io.cucumber.java.PendingException();&#10;}&#10;" type="io.cucumber.junit.UndefinedStepException"><![CDATA[io.cucumber.junit.UndefinedStepException: 
The step 'The user is on the login page' and 11 other step(s) are undefined.
You can implement these steps using the snippet(s) below:

@Given("The user is on the login page")
public void the_user_is_on_the_login_page() {
    // Write code here that turns the phrase above into concrete actions
    throw new io.cucumber.java.PendingException();
}
@When("The user logs in using {string} and {string}")
public void the_user_logs_in_using_and(String string, String string2) {
    // Write code here that turns the phrase above into concrete actions
    throw new io.cucumber.java.PendingException();
}
@When("The user navigates to {string}")
public void the_user_navigates_to(String string) {
    // Write code here that turns the phrase above into concrete actions
    throw new io.cucumber.java.PendingException();
}
@When("The user select status {string}")
public void the_user_select_status(String string) {
    // Write code here that turns the phrase above into concrete actions
    throw new io.cucumber.java.PendingException();
}
@When("The user slides the slider")
public void the_user_slides_the_slider() {
    // Write code here that turns the phrase above into concrete actions
    throw new io.cucumber.java.PendingException();
}
@When("The user add {string} {string}")
public void the_user_add(String string, String string2) {
    // Write code here that turns the phrase above into concrete actions
    throw new io.cucumber.java.PendingException();
}
@When("The user click on the submit button")
public void the_user_click_on_the_submit_button() {
    // Write code here that turns the phrase above into concrete actions
    throw new io.cucumber.java.PendingException();
}

]]></error>
  </testcase>
</testsuite>